<?xml version="1.0" encoding="UTF-8"?>
<!-- Generated by org.testng.reporters.JUnitReportReporter -->
<testsuite hostname="LAPTOP-AGEUKFVQ" name="pe.com.test.demoFacebook.PublicarTest" tests="1" failures="0" timestamp="25 Jul 2019 16:06:44 GMT" time="30.938" errors="0">
  <testcase name="publicarPost" time="30.938" classname="pe.com.test.demoFacebook.PublicarTest"/>
</testsuite> <!-- pe.com.test.demoFacebook.PublicarTest -->
